2018-02-21 11:48:07 - DEBUG --> DirectDebitHandler : Received msisdn=94777123456 
2018-02-21 11:48:07 - DEBUG --> DirectDebitHandler : Received amount=10 
2018-02-21 11:48:07 - DEBUG --> DirectDebitSender cass() : Parameters received: applicationId=APP_000017 externalTrxId=12345678901234567890123456789012 subscriberId=94777123456 paymentInstrumentName=MobileAccount accountId=123456 currency=LKR amount=10 
2018-02-21 11:48:07 - DEBUG --> DirectDebitSender cassMany() : Parameters received: applicationId=APP_000017 externalTrxId=12345678901234567890123456789012 subscriberId=94777123456 paymentInstrumentName=MobileAccount accountId=123456 currency=LKR amount=10 
2018-02-21 11:48:07 - DEBUG --> DirectDebitSender sendRequest() : Request={"applicationId":"APP_000017","password":"95904999aa8edb0c038b3295fdd271de","externalTrxId":"12345678901234567890123456789012","subscriberId":"94777123456","paymentInstrumentName":"MobileAccount","accountId":"123456","currency":"LKR","amount":"10"} 
2018-02-21 11:48:07 - DEBUG --> DirectDebitSender sendRequest() : Response= 
2018-02-21 11:48:25 - DEBUG --> QueryBalanceHandler : Received msisdn=94777123456 
2018-02-21 11:48:25 - DEBUG --> QueryBalanceSender sendRequest() : Request={"applicationId":"APP_000017","password":"95904999aa8edb0c038b3295fdd271de","subscriberId":"94777123456","paymentInstrumentName":"MobileAccount","accountId":"123456","currency":"LKR"} 
2018-02-21 11:48:25 - DEBUG --> DirectDebitSender sendRequest() : Response={"accountStatus":"Active","accountType":"Pre Paid","statusDetail":"Success","chargeableBalance":"0.00","statusCode":"S1000"} 
2018-02-21 11:50:31 - DEBUG --> DirectDebitHandler : Received msisdn=94777123456 
2018-02-21 11:50:31 - DEBUG --> DirectDebitHandler : Received amount=10 
2018-02-21 11:50:31 - DEBUG --> DirectDebitSender cass() : Parameters received: applicationId=APP_000017 externalTrxId=12345678901234567890123456789012 subscriberId=94777123456 paymentInstrumentName=MobileAccount accountId=123456 currency=LKR amount=10 
2018-02-21 11:50:31 - DEBUG --> DirectDebitSender cassMany() : Parameters received: applicationId=APP_000017 externalTrxId=12345678901234567890123456789012 subscriberId=94777123456 paymentInstrumentName=MobileAccount accountId=123456 currency=LKR amount=10 
2018-02-21 11:50:31 - DEBUG --> DirectDebitSender sendRequest() : Request={"applicationId":"APP_000017","password":"95904999aa8edb0c038b3295fdd271de","externalTrxId":"12345678901234567890123456789012","subscriberId":"94777123456","paymentInstrumentName":"MobileAccount","accountId":"123456","currency":"LKR","amount":"10"} 
2018-02-21 11:50:31 - DEBUG --> DirectDebitSender sendRequest() : Response= 
2018-02-21 11:51:15 - DEBUG --> DirectDebitHandler : Received msisdn=94777123456 
2018-02-21 11:51:15 - DEBUG --> DirectDebitHandler : Received amount=10 
2018-02-21 11:51:15 - DEBUG --> DirectDebitSender cass() : Parameters received: applicationId=APP_000017 externalTrxId=12345678901234567890123456789012 subscriberId=94777123456 paymentInstrumentName=MobileAccount accountId=123456 currency=LKR amount=10 
2018-02-21 11:51:15 - DEBUG --> DirectDebitSender cassMany() : Parameters received: applicationId=APP_000017 externalTrxId=12345678901234567890123456789012 subscriberId=94777123456 paymentInstrumentName=MobileAccount accountId=123456 currency=LKR amount=10 
2018-02-21 11:51:15 - DEBUG --> DirectDebitSender sendRequest() : Request={"applicationId":"APP_000017","password":"95904999aa8edb0c038b3295fdd271de","externalTrxId":"12345678901234567890123456789012","subscriberId":"94777123456","paymentInstrumentName":"MobileAccount","accountId":"123456","currency":"LKR","amount":"10"} 
2018-02-21 11:51:15 - DEBUG --> DirectDebitSender sendRequest() : Response= 
2018-02-21 11:52:19 - DEBUG --> DirectDebitHandler : Received msisdn=94777123456 
2018-02-21 11:52:19 - DEBUG --> DirectDebitHandler : Received amount=10 
2018-02-21 11:52:19 - DEBUG --> DirectDebitSender cass() : Parameters received: applicationId=APP_000017 externalTrxId=12345678901234567890123456789012 subscriberId=94777123456 paymentInstrumentName=MobileAccount accountId=123456 currency=LKR amount=10 
2018-02-21 11:52:19 - DEBUG --> DirectDebitSender cassMany() : Parameters received: applicationId=APP_000017 externalTrxId=12345678901234567890123456789012 subscriberId=94777123456 paymentInstrumentName=MobileAccount accountId=123456 currency=LKR amount=10 
2018-02-21 11:52:19 - DEBUG --> DirectDebitSender sendRequest() : Request={"applicationId":"APP_000017","password":"95904999aa8edb0c038b3295fdd271de","externalTrxId":"12345678901234567890123456789012","subscriberId":"94777123456","paymentInstrumentName":"MobileAccount","accountId":"123456","currency":"LKR","amount":"10"} 
2018-02-21 11:52:19 - DEBUG --> DirectDebitSender sendRequest() : Response={"timeStamp":"2018-02-21T16:22:19+0530","longDescription":"short Discription","externalTrxId":"12345678901234567890123456789012","statusDetail":"Charging Error","shortDescription":"Long Discription","internalTrxId":"379","statusCode":"E1308"} 
2018-02-21 11:52:29 - DEBUG --> QueryBalanceHandler : Received msisdn=94777123456 
2018-02-21 11:52:29 - DEBUG --> QueryBalanceSender sendRequest() : Request={"applicationId":"APP_000017","password":"95904999aa8edb0c038b3295fdd271de","subscriberId":"94777123456","paymentInstrumentName":"MobileAccount","accountId":"123456","currency":"LKR"} 
2018-02-21 11:52:29 - DEBUG --> DirectDebitSender sendRequest() : Response={"accountStatus":"Active","accountType":"Pre Paid","statusDetail":"Success","chargeableBalance":"0.00","statusCode":"S1000"} 
